# JRE version: OpenJDK Runtime Environment (8.0_191-b12) (build 1.8.0_191-8u191-b12-0ubuntu0.18.04.1-b12)
# Java VM: OpenJDK 64-Bit Server VM (25.191-b12 mixed mode linux-amd64 compressed oops)
Heap:
 PSYoungGen      total 114688K, used 650K [0x00000000e0f00000, 0x00000000e8f00000, 0x0000000100000000)
  eden space 98304K, 0% used [0x00000000e0f00000,0x00000000e0f00000,0x00000000e6f00000)
  from space 16384K, 3% used [0x00000000e6f00000,0x00000000e6fa2ab8,0x00000000e7f00000)
  to   space 15872K, 0% used [0x00000000e7f80000,0x00000000e7f80000,0x00000000e8f00000)
 ParOldGen       total 62464K, used 23392K [0x00000000a2c00000, 0x00000000a6900000, 0x00000000e0f00000)
  object space 62464K, 37% used [0x00000000a2c00000,0x00000000a42d81d0,0x00000000a6900000)
 Metaspace       used 21585K, capacity 21914K, committed 22272K, reserved 1069056K
  class space    used 2452K, capacity 2553K, committed 2560K, reserved 1048576K
GC Heap History (10 events):
Event: 2.002 GC heap after
Heap after GC invocations=3 (full 0):
 PSYoungGen      total 28160K, used 3568K [0x00000000e0f00000, 0x00000000e4600000, 0x0000000100000000)
  eden space 24576K, 0% used [0x00000000e0f00000,0x00000000e0f00000,0x00000000e2700000)
  from space 3584K, 99% used [0x00000000e2700000,0x00000000e2a7c040,0x00000000e2a80000)
  to   space 3584K, 0% used [0x00000000e4280000,0x00000000e4280000,0x00000000e4600000)
 ParOldGen       total 64512K, used 4115K [0x00000000a2c00000, 0x00000000a6b00000, 0x00000000e0f00000)
  object space 64512K, 6% used [0x00000000a2c00000,0x00000000a3004de0,0x00000000a6b00000)
 Metaspace       used 14470K, capacity 14636K, committed 14976K, reserved 1062912K
  class space    used 1720K, capacity 1796K, committed 1920K, reserved 1048576K
}
Event: 3.203 GC heap before
{Heap before GC invocations=4 (full 0):
 PSYoungGen      total 28160K, used 28144K [0x00000000e0f00000, 0x00000000e4600000, 0x0000000100000000)
  eden space 24576K, 100% used [0x00000000e0f00000,0x00000000e2700000,0x00000000e2700000)
  from space 3584K, 99% used [0x00000000e2700000,0x00000000e2a7c040,0x00000000e2a80000)
  to   space 3584K, 0% used [0x00000000e4280000,0x00000000e4280000,0x00000000e4600000)
 ParOldGen       total 64512K, used 4115K [0x00000000a2c00000, 0x00000000a6b00000, 0x00000000e0f00000)
  object space 64512K, 6% used [0x00000000a2c00000,0x00000000a3004de0,0x00000000a6b00000)
 Metaspace       used 18848K, capacity 19126K, committed 19200K, reserved 1067008K
  class space    used 2213K, capacity 2287K, committed 2304K, reserved 1048576K
Event: 3.210 GC heap after
Heap after GC invocations=4 (full 0):
 PSYoungGen      total 52736K, used 3569K [0x00000000e0f00000, 0x00000000e4600000, 0x0000000100000000)
  eden space 49152K, 0% used [0x00000000e0f00000,0x00000000e0f00000,0x00000000e3f00000)
  from space 3584K, 99% used [0x00000000e4280000,0x00000000e45fc6c0,0x00000000e4600000)
  to   space 3584K, 0% used [0x00000000e3f00000,0x00000000e3f00000,0x00000000e4280000)
 ParOldGen       total 64512K, used 7230K [0x00000000a2c00000, 0x00000000a6b00000, 0x00000000e0f00000)
  object space 64512K, 11% used [0x00000000a2c00000,0x00000000a330f8a8,0x00000000a6b00000)
 Metaspace       used 18848K, capacity 19126K, committed 19200K, reserved 1067008K
  class space    used 2213K, capacity 2287K, committed 2304K, reserved 1048576K
}
Event: 14.686 GC heap before
{Heap before GC invocations=5 (full 0):
 PSYoungGen      total 52736K, used 52721K [0x00000000e0f00000, 0x00000000e4600000, 0x0000000100000000)
  eden space 49152K, 100% used [0x00000000e0f00000,0x00000000e3f00000,0x00000000e3f00000)
  from space 3584K, 99% used [0x00000000e4280000,0x00000000e45fc6c0,0x00000000e4600000)
  to   space 3584K, 0% used [0x00000000e3f00000,0x00000000e3f00000,0x00000000e4280000)
 ParOldGen       total 64512K, used 7230K [0x00000000a2c00000, 0x00000000a6b00000, 0x00000000e0f00000)
  object space 64512K, 11% used [0x00000000a2c00000,0x00000000a330f8a8,0x00000000a6b00000)
 Metaspace       used 20797K, capacity 21074K, committed 21248K, reserved 1069056K
  class space    used 2393K, capacity 2487K, committed 2560K, reserved 1048576K
Event: 14.708 GC heap after
Heap after GC invocations=5 (full 0):
 PSYoungGen      total 52736K, used 3569K [0x00000000e0f00000, 0x00000000e9000000, 0x0000000100000000)
  eden space 49152K, 0% used [0x00000000e0f00000,0x00000000e0f00000,0x00000000e3f00000)
  from space 3584K, 99% used [0x00000000e3f00000,0x00000000e427c4a0,0x00000000e4280000)
  to   space 16896K, 0% used [0x00000000e7f80000,0x00000000e7f80000,0x00000000e9000000)
 ParOldGen       total 64512K, used 23078K [0x00000000a2c00000, 0x00000000a6b00000, 0x00000000e0f00000)
  object space 64512K, 35% used [0x00000000a2c00000,0x00000000a4289908,0x00000000a6b00000)
 Metaspace       used 20797K, capacity 21074K, committed 21248K, reserved 1069056K
  class space    used 2393K, capacity 2487K, committed 2560K, reserved 1048576K
}
Event: 14.737 GC heap before
{Heap before GC invocations=6 (full 0):
 PSYoungGen      total 52736K, used 8754K [0x00000000e0f00000, 0x00000000e9000000, 0x0000000100000000)
  eden space 49152K, 10% used [0x00000000e0f00000,0x00000000e1410368,0x00000000e3f00000)
  from space 3584K, 99% used [0x00000000e3f00000,0x00000000e427c4a0,0x00000000e4280000)
  to   space 16896K, 0% used [0x00000000e7f80000,0x00000000e7f80000,0x00000000e9000000)
 ParOldGen       total 64512K, used 23078K [0x00000000a2c00000, 0x00000000a6b00000, 0x00000000e0f00000)
  object space 64512K, 35% used [0x00000000a2c00000,0x00000000a4289908,0x00000000a6b00000)
 Metaspace       used 20827K, capacity 21074K, committed 21248K, reserved 1069056K
  class space    used 2394K, capacity 2487K, committed 2560K, reserved 1048576K
Event: 14.743 GC heap after
Heap after GC invocations=6 (full 0):
 PSYoungGen      total 114176K, used 4417K [0x00000000e0f00000, 0x00000000e8f00000, 0x0000000100000000)
  eden space 98304K, 0% used [0x00000000e0f00000,0x00000000e0f00000,0x00000000e6f00000)
  from space 15872K, 27% used [0x00000000e7f80000,0x00000000e83d0490,0x00000000e8f00000)
  to   space 16384K, 0% used [0x00000000e6f00000,0x00000000e6f00000,0x00000000e7f00000)
 ParOldGen       total 64512K, used 23086K [0x00000000a2c00000, 0x00000000a6b00000, 0x00000000e0f00000)
  object space 64512K, 35% used [0x00000000a2c00000,0x00000000a428b908,0x00000000a6b00000)
 Metaspace       used 20827K, capacity 21074K, committed 21248K, reserved 1069056K
  class space    used 2394K, capacity 2487K, committed 2560K, reserved 1048576K
}
Event: 14.743 GC heap before
{Heap before GC invocations=7 (full 1):
 PSYoungGen      total 114176K, used 4417K [0x00000000e0f00000, 0x00000000e8f00000, 0x0000000100000000)
  eden space 98304K, 0% used [0x00000000e0f00000,0x00000000e0f00000,0x00000000e6f00000)
  from space 15872K, 27% used [0x00000000e7f80000,0x00000000e83d0490,0x00000000e8f00000)
  to   space 16384K, 0% used [0x00000000e6f00000,0x00000000e6f00000,0x00000000e7f00000)
 ParOldGen       total 64512K, used 23086K [0x00000000a2c00000, 0x00000000a6b00000, 0x00000000e0f00000)
  object space 64512K, 35% used [0x00000000a2c00000,0x00000000a428b908,0x00000000a6b00000)
 Metaspace       used 20827K, capacity 21074K, committed 21248K, reserved 1069056K
  class space    used 2394K, capacity 2487K, committed 2560K, reserved 1048576K
Event: 14.786 GC heap after
Heap after GC invocations=7 (full 1):
 PSYoungGen      total 114176K, used 0K [0x00000000e0f00000, 0x00000000e8f00000, 0x0000000100000000)
  eden space 98304K, 0% used [0x00000000e0f00000,0x00000000e0f00000,0x00000000e6f00000)
  from space 15872K, 0% used [0x00000000e7f80000,0x00000000e7f80000,0x00000000e8f00000)
  to   space 16384K, 0% used [0x00000000e6f00000,0x00000000e6f00000,0x00000000e7f00000)
 ParOldGen       total 62464K, used 23384K [0x00000000a2c00000, 0x00000000a6900000, 0x00000000e0f00000)
  object space 62464K, 37% used [0x00000000a2c00000,0x00000000a42d61d0,0x00000000a6900000)
 Metaspace       used 20827K, capacity 21074K, committed 21248K, reserved 1069056K
  class space    used 2394K, capacity 2487K, committed 2560K, reserved 1048576K
}
Event: 15.984 GC heap before
{Heap before GC invocations=8 (full 1):
 PSYoungGen      total 114176K, used 98304K [0x00000000e0f00000, 0x00000000e8f00000, 0x0000000100000000)
  eden space 98304K, 100% used [0x00000000e0f00000,0x00000000e6f00000,0x00000000e6f00000)
  from space 15872K, 0% used [0x00000000e7f80000,0x00000000e7f80000,0x00000000e8f00000)
  to   space 16384K, 0% used [0x00000000e6f00000,0x00000000e6f00000,0x00000000e7f00000)
 ParOldGen       total 62464K, used 23384K [0x00000000a2c00000, 0x00000000a6900000, 0x00000000e0f00000)
  object space 62464K, 37% used [0x00000000a2c00000,0x00000000a42d61d0,0x00000000a6900000)
 Metaspace       used 21585K, capacity 21914K, committed 22272K, reserved 1069056K
  class space    used 2452K, capacity 2553K, committed 2560K, reserved 1048576K

